<?xml version="1.0" encoding="UTF-8"?>
<!-- Generated by org.testng.reporters.JUnitReportReporter -->
<testsuite hostname="LAPTOP-P2QE43U4" failures="0" tests="4" name="testSuit1.Module1" time="0.047" errors="0" timestamp="2024-07-06T11:34:00 CDT" skipped="0">
  <testcase classname="testSuit1.Module1" name="test1" time="0.007"/>
  <system-out/>
  <testcase classname="testSuit1.Module1" name="test2" time="0.016"/>
  <system-out/>
  <testcase classname="testSuit1.Module1" name="login" time="0.003"/>
  <system-out/>
  <testcase classname="testSuit1.Module1" name="login" time="0.021"/>
  <system-out/>
</testsuite> <!-- testSuit1.Module1 -->
