<?xml version="1.0" encoding="UTF-8"?>
<!-- Generated by org.testng.reporters.JUnitReportReporter -->
<testsuite hostname="LAPTOP-P2QE43U4" failures="0" tests="1" name="testSuit1.Module2" time="0.021" errors="0" timestamp="2024-07-06T11:34:00 CDT" skipped="0">
  <testcase classname="testSuit1.Module2" name="test1" time="0.021"/>
  <system-out/>
</testsuite> <!-- testSuit1.Module2 -->
